<?xml version="1.0" encoding="UTF-8"?>
<testsuite name="ComputerRepairRequestTest" tests="2" skipped="0" failures="0" errors="0" timestamp="2025-03-06T08:21:59" hostname="DESKTOP-VJN0NT8" time="0.017">
  <properties/>
  <testcase name="First Test" classname="ComputerRepairRequestTest" time="0.014"/>
  <testcase name="Test Examplu" classname="ComputerRepairRequestTest" time="0.001"/>
  <system-out><![CDATA[]]></system-out>
  <system-err><![CDATA[]]></system-err>
</testsuite>
